<?xml version="1.0" encoding="UTF-8"?>
<!-- Generated by org.testng.reporters.JUnitXMLReporter -->
<testsuite hostname="DESKTOP-S4Q7RUE" ignored="0" name="Amazon WebSite Test" tests="5" failures="2" timestamp="14 Nov 2019 08:05:32 GMT" time="139.934" errors="0">
  <testcase name="testGetAllAmazonCategories" time="2.202" classname="com.jio.qa.ui.homepage.HomePageTest"/>
  <testcase name="testSearchProductOnWebsite" time="4.093" classname="com.jio.qa.ui.homepage.HomePageTest"/>
  <testcase name="testLowToHighPriceFilter" time="9.685" classname="com.jio.qa.ui.homepage.HomePageTest">
    <failure type="java.lang.AssertionError" message="Product Price is not displayed in ascending order after applying Low to High Price Filter expected [true] but found [false]">
      <![CDATA[java.lang.AssertionError: Product Price is not displayed in ascending order after applying Low to High Price Filter expected [true] but found [false]
at com.jio.qa.base.homepage.HomePageBaseTest.sortLowToHighMethod(HomePageBaseTest.java:57)
at com.jio.qa.ui.homepage.HomePageTest.testLowToHighPriceFilter(HomePageTest.java:36)
... Removed 28 stack frames]]>
    </failure>
  </testcase> <!-- testLowToHighPriceFilter -->
  <testcase name="testAddTwoLineItemsToCartAndVerify" time="29.02" classname="com.jio.qa.ui.homepage.HomePageTest"/>
  <testcase name="testDisplayOfPrimeEnabledItems" time="7.266" classname="com.jio.qa.ui.homepage.HomePageTest">
    <failure type="java.lang.AssertionError" message="1 non-prime Item(s) are displayed on UI expected [false] but found [true]">
      <![CDATA[java.lang.AssertionError: 1 non-prime Item(s) are displayed on UI expected [false] but found [true]
at com.jio.qa.base.homepage.HomePageBaseTest.addPrimeFilterAndVerify(HomePageBaseTest.java:90)
at com.jio.qa.ui.homepage.HomePageTest.testDisplayOfPrimeEnabledItems(HomePageTest.java:46)
... Removed 28 stack frames]]>
    </failure>
  </testcase> <!-- testDisplayOfPrimeEnabledItems -->
</testsuite> <!-- Amazon WebSite Test -->
